<?xml version="1.0" encoding="UTF-8"?>
<testng-results ignored="0" total="2" passed="2" failed="0" skipped="0">
  <reporter-output>
  </reporter-output>
  <suite started-at="2024-10-06T12:20:42Z" name="Suite" finished-at="2024-10-06T12:20:51Z" duration-ms="9062">
    <groups>
    </groups>
    <test started-at="2024-10-06T12:20:42Z" name="Bing Test" finished-at="2024-10-06T12:20:47Z" duration-ms="5742">
      <class name="bingTest.SampleBingTest">
        <test-method signature="validateBing()[pri:0, instance:bingTest.SampleBingTest@6e75aa0d]" started-at="2024-10-06T17:50:42Z" name="validateBing" finished-at="2024-10-06T17:50:47Z" duration-ms="5726" status="PASS">
          <reporter-output>
          </reporter-output>
        </test-method> <!-- validateBing -->
      </class> <!-- bingTest.SampleBingTest -->
    </test> <!-- Bing Test -->
    <test started-at="2024-10-06T12:20:47Z" name="Google Test" finished-at="2024-10-06T12:20:51Z" duration-ms="3303">
      <class name="googleTest.SampleGoogleTest">
        <test-method signature="validateBing()[pri:0, instance:googleTest.SampleGoogleTest@43ee72e6]" started-at="2024-10-06T17:50:47Z" name="validateBing" finished-at="2024-10-06T17:50:51Z" duration-ms="3301" status="PASS">
          <reporter-output>
          </reporter-output>
        </test-method> <!-- validateBing -->
      </class> <!-- googleTest.SampleGoogleTest -->
    </test> <!-- Google Test -->
  </suite> <!-- Suite -->
</testng-results>
